2022-08-19 16:46:58,830 [,,,] INFO  org.hibernate.validator.internal.util.Version:21 [background-preinit] - HV000001: Hibernate Validator 6.1.7.Final
2022-08-19 16:46:59,186 [,,,] WARN  com.alibaba.cloud.nacos.client.NacosPropertySourceBuilder:87 [main] - Ignore the empty nacos configuration and get it based on dataId[silence-auth] & group[dev]
2022-08-19 16:46:59,200 [,,,] WARN  com.alibaba.cloud.nacos.client.NacosPropertySourceBuilder:87 [main] - Ignore the empty nacos configuration and get it based on dataId[silence-auth.yaml] & group[dev]
2022-08-19 16:46:59,214 [,,,] WARN  com.alibaba.cloud.nacos.client.NacosPropertySourceBuilder:87 [main] - Ignore the empty nacos configuration and get it based on dataId[silence-auth-dev.yaml] & group[dev]
2022-08-19 16:46:59,216 [,,,] INFO  org.springframework.cloud.bootstrap.config.PropertySourceBootstrapConfiguration:109 [main] - Located property source: [BootstrapPropertySource {name='bootstrapProperties-silence-auth-dev.yaml,dev'}, BootstrapPropertySource {name='bootstrapProperties-silence-auth.yaml,dev'}, BootstrapPropertySource {name='bootstrapProperties-silence-auth,dev'}]
2022-08-19 16:46:59,260 [,,,] INFO  com.silence.AuthApplication:664 [main] - The following profiles are active: dev
2022-08-19 16:46:59,826 [,,,] INFO  org.springframework.cloud.context.scope.GenericScope:288 [main] - BeanFactory id=6be992cb-7d11-3134-ad04-aad36140f08d
2022-08-19 16:46:59,979 [,,,] INFO  org.springframework.context.support.PostProcessorRegistrationDelegate$BeanPostProcessorChecker:350 [main] - Bean 'org.springframework.security.access.expression.method.DefaultMethodSecurityExpressionHandler@2674d4f6' of type [org.springframework.security.oauth2.provider.expression.OAuth2MethodSecurityExpressionHandler] is not eligible for getting processed by all BeanPostProcessors (for example: not eligible for auto-proxying)
2022-08-19 16:46:59,988 [,,,] INFO  org.springframework.context.support.PostProcessorRegistrationDelegate$BeanPostProcessorChecker:350 [main] - Bean 'methodSecurityMetadataSource' of type [org.springframework.security.access.method.DelegatingMethodSecurityMetadataSource] is not eligible for getting processed by all BeanPostProcessors (for example: not eligible for auto-proxying)
2022-08-19 16:47:00,186 [,,,] INFO  org.springframework.boot.web.embedded.tomcat.TomcatWebServer:108 [main] - Tomcat initialized with port(s): 9086 (http)
2022-08-19 16:47:00,192 [,,,] INFO  org.apache.coyote.http11.Http11NioProtocol:173 [main] - Initializing ProtocolHandler ["http-nio-9086"]
2022-08-19 16:47:00,192 [,,,] INFO  org.apache.catalina.core.StandardService:173 [main] - Starting service [Tomcat]
2022-08-19 16:47:00,193 [,,,] INFO  org.apache.catalina.core.StandardEngine:173 [main] - Starting Servlet engine: [Apache Tomcat/9.0.41]
2022-08-19 16:47:00,268 [,,,] INFO  org.apache.catalina.core.ContainerBase.[Tomcat].[localhost].[/]:173 [main] - Initializing Spring embedded WebApplicationContext
2022-08-19 16:47:00,268 [,,,] INFO  org.springframework.boot.web.servlet.context.ServletWebServerApplicationContext:289 [main] - Root WebApplicationContext: initialization completed in 997 ms
2022-08-19 16:47:01,121 [,,,] INFO  org.springframework.scheduling.concurrent.ThreadPoolTaskExecutor:181 [main] - Initializing ExecutorService 'applicationTaskExecutor'
2022-08-19 16:47:01,371 [,,,] INFO  org.springframework.scheduling.concurrent.ThreadPoolTaskScheduler:181 [main] - Initializing ExecutorService 'Nacos-Watch-Task-Scheduler'
2022-08-19 16:47:01,605 [,,,] INFO  org.springframework.security.web.DefaultSecurityFilterChain:51 [main] - Will secure Or [Ant [pattern='/oauth/token'], Ant [pattern='/oauth/token_key'], Ant [pattern='/oauth/check_token']] with [org.springframework.security.web.context.request.async.WebAsyncManagerIntegrationFilter@4880a9d, org.springframework.security.web.context.SecurityContextPersistenceFilter@58e4aa67, org.springframework.security.web.header.HeaderWriterFilter@7fa68ff4, org.springframework.security.web.authentication.logout.LogoutFilter@4542af89, org.springframework.security.oauth2.provider.client.ClientCredentialsTokenEndpointFilter@4b1b2255, org.springframework.security.web.authentication.www.BasicAuthenticationFilter@630e5010, org.springframework.security.web.savedrequest.RequestCacheAwareFilter@156eeff1, org.springframework.security.web.servletapi.SecurityContextHolderAwareRequestFilter@38c1b1a7, org.springframework.security.web.authentication.AnonymousAuthenticationFilter@48f2d51d, org.springframework.security.web.session.SessionManagementFilter@123d0816, org.springframework.security.web.access.ExceptionTranslationFilter@b814e23, org.springframework.security.web.access.intercept.FilterSecurityInterceptor@468646ea]
2022-08-19 16:47:01,615 [,,,] INFO  org.springframework.security.web.DefaultSecurityFilterChain:51 [main] - Will secure any request with [org.springframework.security.web.context.request.async.WebAsyncManagerIntegrationFilter@f13e0a2, org.springframework.security.web.context.SecurityContextPersistenceFilter@152d2a58, org.springframework.security.web.header.HeaderWriterFilter@40d04cf8, org.springframework.security.web.authentication.logout.LogoutFilter@18918d70, org.springframework.security.web.authentication.UsernamePasswordAuthenticationFilter@396c1228, org.springframework.security.web.savedrequest.RequestCacheAwareFilter@50b2ba2c, org.springframework.security.web.servletapi.SecurityContextHolderAwareRequestFilter@12478b4e, org.springframework.security.web.authentication.AnonymousAuthenticationFilter@329efc61, org.springframework.security.web.session.SessionManagementFilter@75507e68, org.springframework.security.web.access.ExceptionTranslationFilter@31de8099, org.springframework.security.web.access.intercept.FilterSecurityInterceptor@3a012678]
2022-08-19 16:47:01,841 [,,,] WARN  org.springframework.cloud.loadbalancer.config.LoadBalancerCacheAutoConfiguration$LoadBalancerCaffeineWarnLogger:82 [main] - Spring Cloud LoadBalancer is currently working with the default cache. You can switch to using Caffeine cache, by adding it and org.springframework.cache.caffeine.CaffeineCacheManager to the classpath.
2022-08-19 16:47:01,975 [,,,] INFO  org.apache.coyote.http11.Http11NioProtocol:173 [main] - Starting ProtocolHandler ["http-nio-9086"]
2022-08-19 16:47:01,987 [,,,] INFO  org.springframework.boot.web.embedded.tomcat.TomcatWebServer:220 [main] - Tomcat started on port(s): 9086 (http) with context path ''
2022-08-19 16:47:02,002 [,,,] INFO  com.alibaba.cloud.nacos.registry.NacosServiceRegistry:75 [main] - nacos registry, dev silence-auth 192.168.7.19:9086 register finished
2022-08-19 16:47:02,065 [,,,] INFO  com.silence.AuthApplication:61 [main] - Started AuthApplication in 3.659 seconds (JVM running for 4.275)
2022-08-19 16:47:44,661 [,,,] INFO  org.apache.catalina.core.ContainerBase.[Tomcat].[localhost].[/]:173 [http-nio-9086-exec-1] - Initializing Spring DispatcherServlet 'dispatcherServlet'
2022-08-19 16:47:44,661 [,,,] INFO  org.springframework.web.servlet.DispatcherServlet:525 [http-nio-9086-exec-1] - Initializing Servlet 'dispatcherServlet'
2022-08-19 16:47:44,663 [,,,] INFO  org.springframework.web.servlet.DispatcherServlet:547 [http-nio-9086-exec-1] - Completed initialization in 2 ms
2022-08-19 16:47:44,757 [,,,] INFO  com.zaxxer.hikari.HikariDataSource:110 [http-nio-9086-exec-1] - HikariPool-1 - Starting...
2022-08-19 16:47:45,377 [,,,] INFO  com.zaxxer.hikari.HikariDataSource:123 [http-nio-9086-exec-1] - HikariPool-1 - Start completed.
2022-08-19 16:47:45,643 [,,,] INFO  com.silence.auth.infrastructure.facade.UserFacade:38 [http-nio-9086-exec-1] - 用户名:leo客户端：admin
2022-08-19 16:47:45,925 [,,,] INFO  com.silence.auth.infrastructure.facade.UserFacade:48 [http-nio-9086-exec-1] - 用户id:1客户端：admin
2022-08-19 17:24:06,609 [,,,] INFO  org.hibernate.validator.internal.util.Version:21 [background-preinit] - HV000001: Hibernate Validator 6.1.7.Final
2022-08-19 17:24:06,980 [,,,] WARN  com.alibaba.cloud.nacos.client.NacosPropertySourceBuilder:87 [main] - Ignore the empty nacos configuration and get it based on dataId[silence-auth] & group[dev]
2022-08-19 17:24:06,995 [,,,] WARN  com.alibaba.cloud.nacos.client.NacosPropertySourceBuilder:87 [main] - Ignore the empty nacos configuration and get it based on dataId[silence-auth.yaml] & group[dev]
2022-08-19 17:24:07,007 [,,,] WARN  com.alibaba.cloud.nacos.client.NacosPropertySourceBuilder:87 [main] - Ignore the empty nacos configuration and get it based on dataId[silence-auth-dev.yaml] & group[dev]
2022-08-19 17:24:07,008 [,,,] INFO  org.springframework.cloud.bootstrap.config.PropertySourceBootstrapConfiguration:109 [main] - Located property source: [BootstrapPropertySource {name='bootstrapProperties-silence-auth-dev.yaml,dev'}, BootstrapPropertySource {name='bootstrapProperties-silence-auth.yaml,dev'}, BootstrapPropertySource {name='bootstrapProperties-silence-auth,dev'}]
2022-08-19 17:24:07,032 [,,,] INFO  com.silence.AuthApplication:664 [main] - The following profiles are active: dev
2022-08-19 17:24:07,668 [,,,] INFO  org.springframework.cloud.context.scope.GenericScope:288 [main] - BeanFactory id=6be992cb-7d11-3134-ad04-aad36140f08d
2022-08-19 17:24:07,840 [,,,] INFO  org.springframework.context.support.PostProcessorRegistrationDelegate$BeanPostProcessorChecker:350 [main] - Bean 'org.springframework.security.access.expression.method.DefaultMethodSecurityExpressionHandler@5ebbde60' of type [org.springframework.security.oauth2.provider.expression.OAuth2MethodSecurityExpressionHandler] is not eligible for getting processed by all BeanPostProcessors (for example: not eligible for auto-proxying)
2022-08-19 17:24:07,848 [,,,] INFO  org.springframework.context.support.PostProcessorRegistrationDelegate$BeanPostProcessorChecker:350 [main] - Bean 'methodSecurityMetadataSource' of type [org.springframework.security.access.method.DelegatingMethodSecurityMetadataSource] is not eligible for getting processed by all BeanPostProcessors (for example: not eligible for auto-proxying)
2022-08-19 17:24:08,044 [,,,] INFO  org.springframework.boot.web.embedded.tomcat.TomcatWebServer:108 [main] - Tomcat initialized with port(s): 9086 (http)
2022-08-19 17:24:08,050 [,,,] INFO  org.apache.coyote.http11.Http11NioProtocol:173 [main] - Initializing ProtocolHandler ["http-nio-9086"]
2022-08-19 17:24:08,051 [,,,] INFO  org.apache.catalina.core.StandardService:173 [main] - Starting service [Tomcat]
2022-08-19 17:24:08,051 [,,,] INFO  org.apache.catalina.core.StandardEngine:173 [main] - Starting Servlet engine: [Apache Tomcat/9.0.41]
2022-08-19 17:24:08,125 [,,,] INFO  org.apache.catalina.core.ContainerBase.[Tomcat].[localhost].[/]:173 [main] - Initializing Spring embedded WebApplicationContext
2022-08-19 17:24:08,125 [,,,] INFO  org.springframework.boot.web.servlet.context.ServletWebServerApplicationContext:289 [main] - Root WebApplicationContext: initialization completed in 1084 ms
2022-08-19 17:24:09,140 [,,,] INFO  org.springframework.scheduling.concurrent.ThreadPoolTaskExecutor:181 [main] - Initializing ExecutorService 'applicationTaskExecutor'
2022-08-19 17:24:09,481 [,,,] INFO  org.springframework.scheduling.concurrent.ThreadPoolTaskScheduler:181 [main] - Initializing ExecutorService 'Nacos-Watch-Task-Scheduler'
2022-08-19 17:24:09,710 [,,,] INFO  org.springframework.security.web.DefaultSecurityFilterChain:51 [main] - Will secure Or [Ant [pattern='/oauth/token'], Ant [pattern='/oauth/token_key'], Ant [pattern='/oauth/check_token']] with [org.springframework.security.web.context.request.async.WebAsyncManagerIntegrationFilter@30b97fcf, org.springframework.security.web.context.SecurityContextPersistenceFilter@3163e03b, org.springframework.security.web.header.HeaderWriterFilter@62264d4f, org.springframework.security.web.authentication.logout.LogoutFilter@24a807a9, org.springframework.security.oauth2.provider.client.ClientCredentialsTokenEndpointFilter@69926b6e, org.springframework.security.web.authentication.www.BasicAuthenticationFilter@4fe3f9ef, org.springframework.security.web.savedrequest.RequestCacheAwareFilter@7d7f966f, org.springframework.security.web.servletapi.SecurityContextHolderAwareRequestFilter@5644f664, org.springframework.security.web.authentication.AnonymousAuthenticationFilter@b791e6e, org.springframework.security.web.session.SessionManagementFilter@69f24965, org.springframework.security.web.access.ExceptionTranslationFilter@125a8ab6, org.springframework.security.web.access.intercept.FilterSecurityInterceptor@774189d0]
2022-08-19 17:24:09,720 [,,,] INFO  org.springframework.security.web.DefaultSecurityFilterChain:51 [main] - Will secure any request with [org.springframework.security.web.context.request.async.WebAsyncManagerIntegrationFilter@6a261998, org.springframework.security.web.context.SecurityContextPersistenceFilter@2c51c756, org.springframework.security.web.header.HeaderWriterFilter@77648321, org.springframework.security.web.authentication.logout.LogoutFilter@7c0a6f62, org.springframework.security.web.authentication.UsernamePasswordAuthenticationFilter@443b6765, org.springframework.security.web.savedrequest.RequestCacheAwareFilter@4ef277ef, org.springframework.security.web.servletapi.SecurityContextHolderAwareRequestFilter@1ddc889b, org.springframework.security.web.authentication.AnonymousAuthenticationFilter@70f3bf00, org.springframework.security.web.session.SessionManagementFilter@43201f84, org.springframework.security.web.access.ExceptionTranslationFilter@78a34c47, org.springframework.security.web.access.intercept.FilterSecurityInterceptor@33060020]
2022-08-19 17:24:09,951 [,,,] WARN  org.springframework.cloud.loadbalancer.config.LoadBalancerCacheAutoConfiguration$LoadBalancerCaffeineWarnLogger:82 [main] - Spring Cloud LoadBalancer is currently working with the default cache. You can switch to using Caffeine cache, by adding it and org.springframework.cache.caffeine.CaffeineCacheManager to the classpath.
2022-08-19 17:24:10,140 [,,,] INFO  org.apache.coyote.http11.Http11NioProtocol:173 [main] - Starting ProtocolHandler ["http-nio-9086"]
2022-08-19 17:24:10,166 [,,,] INFO  org.springframework.boot.web.embedded.tomcat.TomcatWebServer:220 [main] - Tomcat started on port(s): 9086 (http) with context path ''
2022-08-19 17:24:10,190 [,,,] INFO  com.alibaba.cloud.nacos.registry.NacosServiceRegistry:75 [main] - nacos registry, dev silence-auth 192.168.7.19:9086 register finished
2022-08-19 17:24:10,317 [,,,] INFO  com.silence.AuthApplication:61 [main] - Started AuthApplication in 4.212 seconds (JVM running for 4.927)
2022-08-19 17:24:31,771 [,,,] INFO  org.apache.catalina.core.ContainerBase.[Tomcat].[localhost].[/]:173 [http-nio-9086-exec-1] - Initializing Spring DispatcherServlet 'dispatcherServlet'
2022-08-19 17:24:31,771 [,,,] INFO  org.springframework.web.servlet.DispatcherServlet:525 [http-nio-9086-exec-1] - Initializing Servlet 'dispatcherServlet'
2022-08-19 17:24:31,772 [,,,] INFO  org.springframework.web.servlet.DispatcherServlet:547 [http-nio-9086-exec-1] - Completed initialization in 1 ms
2022-08-19 17:24:31,865 [,,,] INFO  com.zaxxer.hikari.HikariDataSource:110 [http-nio-9086-exec-1] - HikariPool-1 - Starting...
2022-08-19 17:24:32,121 [,,,] INFO  com.zaxxer.hikari.HikariDataSource:123 [http-nio-9086-exec-1] - HikariPool-1 - Start completed.
2022-08-19 17:24:32,360 [,,,] INFO  com.silence.auth.infrastructure.facade.UserFacade:38 [http-nio-9086-exec-1] - 用户名:leo客户端：admin
2022-08-19 17:24:32,602 [,,,] INFO  com.silence.auth.infrastructure.facade.UserFacade:48 [http-nio-9086-exec-1] - 用户id:1客户端：admin
2022-08-19 17:51:27,608 [,,,] INFO  com.silence.auth.infrastructure.facade.UserFacade:38 [http-nio-9086-exec-3] - 用户名:leo客户端：admin
2022-08-19 17:51:27,862 [,,,] INFO  com.silence.auth.infrastructure.facade.UserFacade:48 [http-nio-9086-exec-3] - 用户id:1客户端：admin
2022-08-19 19:03:43,401 [,,,] INFO  com.silence.auth.infrastructure.facade.UserFacade:38 [http-nio-9086-exec-5] - 用户名:leo客户端：admin
2022-08-19 19:03:43,428 [,,,] INFO  com.silence.auth.infrastructure.facade.UserFacade:48 [http-nio-9086-exec-5] - 用户id:1客户端：admin
