2022-08-01 16:45:00,374 [,,,] INFO  org.apache.dubbo.spring.boot.context.event.WelcomeLogoApplicationListener:63 [main] - 

 :: Dubbo Spring Boot (v2.7.15) : https://github.com/apache/dubbo-spring-boot-project
 :: Dubbo (v2.7.15) : https://github.com/apache/dubbo
 :: Discuss group : dev@dubbo.apache.org

2022-08-01 16:45:00,386 [,,,] INFO  org.apache.dubbo.spring.boot.context.event.OverrideDubboConfigApplicationListener:69 [main] - Dubbo Config was overridden by externalized configuration {dubbo.application.name=silence-admin-user, dubbo.application.qos-enable=false, dubbo.config.multiple=true, dubbo.protocol.name=dubbo, dubbo.protocol.port=20881, dubbo.registry.address=106.13.192.32:8848, dubbo.registry.protocol=nacos}
2022-08-01 16:45:00,603 [,,,] INFO  org.apache.dubbo.spring.boot.context.event.AwaitingNonWebApplicationListener:159 [pool-2-thread-1] -  [Dubbo] Current Spring Boot Application is await...
2022-08-01 16:45:00,772 [,,,] INFO  org.apache.dubbo.spring.boot.context.event.OverrideDubboConfigApplicationListener:69 [main] - Dubbo Config was overridden by externalized configuration {dubbo.application.name=silence-admin-user, dubbo.application.qos-enable=false, dubbo.config.multiple=true, dubbo.protocol.name=dubbo, dubbo.protocol.port=20881, dubbo.registry.address=106.13.192.32:8848, dubbo.registry.protocol=nacos}
2022-08-01 16:45:00,852 [,,,] WARN  com.alibaba.cloud.nacos.client.NacosPropertySourceBuilder:87 [main] - Ignore the empty nacos configuration and get it based on dataId[silence-admin-user] & group[dev]
2022-08-01 16:45:00,865 [,,,] WARN  com.alibaba.cloud.nacos.client.NacosPropertySourceBuilder:87 [main] - Ignore the empty nacos configuration and get it based on dataId[silence-admin-user.yaml] & group[dev]
2022-08-01 16:45:00,876 [,,,] WARN  com.alibaba.cloud.nacos.client.NacosPropertySourceBuilder:87 [main] - Ignore the empty nacos configuration and get it based on dataId[silence-admin-user-dev.yaml] & group[dev]
2022-08-01 16:45:00,877 [,,,] INFO  org.springframework.cloud.bootstrap.config.PropertySourceBootstrapConfiguration:109 [main] - Located property source: [BootstrapPropertySource {name='bootstrapProperties-silence-admin-user-dev.yaml,dev'}, BootstrapPropertySource {name='bootstrapProperties-silence-admin-user.yaml,dev'}, BootstrapPropertySource {name='bootstrapProperties-silence-admin-user,dev'}]
2022-08-01 16:45:00,903 [,,,] INFO  com.silence.UserAdminApplication:663 [main] - The following profiles are active: dev
2022-08-01 16:45:01,311 [,,,] INFO  com.alibaba.spring.util.BeanRegistrar:67 [main] - The Infrastructure bean definition [Root bean: class [org.apache.dubbo.config.spring.beans.factory.annotation.ReferenceAnnotationBeanPostProcessor]; scope=; abstract=false; lazyInit=null; autowireMode=0; dependencyCheck=0; autowireCandidate=true; primary=false; factoryBeanName=null; factoryMethodName=null; initMethodName=null; destroyMethodName=nullwith name [referenceAnnotationBeanPostProcessor] has been registered.
2022-08-01 16:45:01,312 [,,,] INFO  com.alibaba.spring.util.BeanRegistrar:67 [main] - The Infrastructure bean definition [Root bean: class [org.apache.dubbo.config.spring.beans.factory.annotation.DubboConfigAliasPostProcessor]; scope=; abstract=false; lazyInit=null; autowireMode=0; dependencyCheck=0; autowireCandidate=true; primary=false; factoryBeanName=null; factoryMethodName=null; initMethodName=null; destroyMethodName=nullwith name [dubboConfigAliasPostProcessor] has been registered.
2022-08-01 16:45:01,312 [,,,] INFO  com.alibaba.spring.util.BeanRegistrar:67 [main] - The Infrastructure bean definition [Root bean: class [org.apache.dubbo.config.spring.context.DubboApplicationListenerRegistrar]; scope=; abstract=false; lazyInit=null; autowireMode=0; dependencyCheck=0; autowireCandidate=true; primary=false; factoryBeanName=null; factoryMethodName=null; initMethodName=null; destroyMethodName=nullwith name [dubboApplicationListenerRegister] has been registered.
2022-08-01 16:45:01,313 [,,,] INFO  com.alibaba.spring.util.BeanRegistrar:67 [main] - The Infrastructure bean definition [Root bean: class [org.apache.dubbo.config.spring.beans.factory.config.DubboConfigDefaultPropertyValueBeanPostProcessor]; scope=; abstract=false; lazyInit=null; autowireMode=0; dependencyCheck=0; autowireCandidate=true; primary=false; factoryBeanName=null; factoryMethodName=null; initMethodName=null; destroyMethodName=nullwith name [dubboConfigDefaultPropertyValueBeanPostProcessor] has been registered.
2022-08-01 16:45:01,313 [,,,] INFO  com.alibaba.spring.util.BeanRegistrar:67 [main] - The Infrastructure bean definition [Root bean: class [org.apache.dubbo.config.spring.beans.factory.config.DubboConfigEarlyRegistrationPostProcessor]; scope=; abstract=false; lazyInit=null; autowireMode=0; dependencyCheck=0; autowireCandidate=true; primary=false; factoryBeanName=null; factoryMethodName=null; initMethodName=null; destroyMethodName=nullwith name [dubboConfigEarlyRegistrationPostProcessor] has been registered.
2022-08-01 16:45:01,553 [,,,] INFO  com.alibaba.spring.beans.factory.annotation.ConfigurationBeanBindingRegistrar:139 [main] - The configuration bean definition [name : org.apache.dubbo.config.ApplicationConfig#0, content : Root bean: class [org.apache.dubbo.config.ApplicationConfig]; scope=; abstract=false; lazyInit=null; autowireMode=0; dependencyCheck=0; autowireCandidate=true; primary=false; factoryBeanName=null; factoryMethodName=null; initMethodName=null; destroyMethodName=null] has been registered.
2022-08-01 16:45:01,554 [,,,] INFO  com.alibaba.spring.util.BeanRegistrar:67 [main] - The Infrastructure bean definition [Root bean: class [com.alibaba.spring.beans.factory.annotation.ConfigurationBeanBindingPostProcessor]; scope=; abstract=false; lazyInit=null; autowireMode=0; dependencyCheck=0; autowireCandidate=true; primary=false; factoryBeanName=null; factoryMethodName=null; initMethodName=null; destroyMethodName=nullwith name [configurationBeanBindingPostProcessor] has been registered.
2022-08-01 16:45:01,554 [,,,] INFO  com.alibaba.spring.beans.factory.annotation.ConfigurationBeanBindingRegistrar:139 [main] - The configuration bean definition [name : org.apache.dubbo.config.RegistryConfig#0, content : Root bean: class [org.apache.dubbo.config.RegistryConfig]; scope=; abstract=false; lazyInit=null; autowireMode=0; dependencyCheck=0; autowireCandidate=true; primary=false; factoryBeanName=null; factoryMethodName=null; initMethodName=null; destroyMethodName=null] has been registered.
2022-08-01 16:45:01,554 [,,,] INFO  com.alibaba.spring.beans.factory.annotation.ConfigurationBeanBindingRegistrar:139 [main] - The configuration bean definition [name : org.apache.dubbo.config.ProtocolConfig#0, content : Root bean: class [org.apache.dubbo.config.ProtocolConfig]; scope=; abstract=false; lazyInit=null; autowireMode=0; dependencyCheck=0; autowireCandidate=true; primary=false; factoryBeanName=null; factoryMethodName=null; initMethodName=null; destroyMethodName=null] has been registered.
2022-08-01 16:45:01,557 [,,,] INFO  org.apache.dubbo.config.spring.beans.factory.config.DubboConfigEarlyRegistrationPostProcessor:91 [main] - DubboConfigEarlyInitializationPostProcessor has bean registered
2022-08-01 16:45:01,580 [,,,] INFO  org.springframework.context.annotation.ConfigurationClassPostProcessor:426 [main] - Cannot enhance @Configuration bean definition 'org.apache.dubbo.spring.boot.autoconfigure.DubboAutoConfiguration' since its singleton instance has been created too early. The typical cause is a non-static @Bean method with a BeanDefinitionRegistryPostProcessor return type: Consider declaring such methods as 'static'.
2022-08-01 16:45:01,628 [,,,] INFO  org.springframework.cloud.context.scope.GenericScope:283 [main] - BeanFactory id=52636fa8-13b1-38e9-bbc7-f469b872f2c7
2022-08-01 16:45:01,843 [,,,] INFO  org.springframework.context.support.PostProcessorRegistrationDelegate$BeanPostProcessorChecker:376 [main] - Bean 'org.springframework.security.access.expression.method.DefaultMethodSecurityExpressionHandler@464ede1f' of type [org.springframework.security.access.expression.method.DefaultMethodSecurityExpressionHandler] is not eligible for getting processed by all BeanPostProcessors (for example: not eligible for auto-proxying)
2022-08-01 16:45:01,860 [,,,] INFO  org.springframework.context.support.PostProcessorRegistrationDelegate$BeanPostProcessorChecker:376 [main] - Bean 'methodSecurityMetadataSource' of type [org.springframework.security.access.method.DelegatingMethodSecurityMetadataSource] is not eligible for getting processed by all BeanPostProcessors (for example: not eligible for auto-proxying)
2022-08-01 16:45:01,882 [,,,] INFO  org.springframework.context.support.PostProcessorRegistrationDelegate$BeanPostProcessorChecker:376 [main] - Bean 'spring.cloud.sentinel-com.alibaba.cloud.sentinel.SentinelProperties' of type [com.alibaba.cloud.sentinel.SentinelProperties] is not eligible for getting processed by all BeanPostProcessors (for example: not eligible for auto-proxying)
2022-08-01 16:45:01,886 [,,,] INFO  org.springframework.context.support.PostProcessorRegistrationDelegate$BeanPostProcessorChecker:376 [main] - Bean 'com.alibaba.cloud.sentinel.custom.SentinelAutoConfiguration' of type [com.alibaba.cloud.sentinel.custom.SentinelAutoConfiguration] is not eligible for getting processed by all BeanPostProcessors (for example: not eligible for auto-proxying)
2022-08-01 16:45:02,135 [,,,] INFO  org.springframework.boot.web.embedded.tomcat.TomcatWebServer:108 [main] - Tomcat initialized with port(s): 9089 (http)
2022-08-01 16:45:02,142 [,,,] INFO  org.apache.coyote.http11.Http11NioProtocol:173 [main] - Initializing ProtocolHandler ["http-nio-9089"]
2022-08-01 16:45:02,142 [,,,] INFO  org.apache.catalina.core.StandardService:173 [main] - Starting service [Tomcat]
2022-08-01 16:45:02,142 [,,,] INFO  org.apache.catalina.core.StandardEngine:173 [main] - Starting Servlet engine: [Apache Tomcat/9.0.50]
2022-08-01 16:45:02,261 [,,,] INFO  org.apache.catalina.core.ContainerBase.[Tomcat].[localhost].[/]:173 [main] - Initializing Spring embedded WebApplicationContext
2022-08-01 16:45:02,261 [,,,] INFO  org.springframework.boot.web.servlet.context.ServletWebServerApplicationContext:290 [main] - Root WebApplicationContext: initialization completed in 1344 ms
2022-08-01 16:45:02,977 [,,,] INFO  com.zaxxer.hikari.HikariDataSource:110 [main] - HikariPool-1 - Starting...
2022-08-01 16:45:02,979 [,,,] WARN  com.zaxxer.hikari.util.DriverDataSource:70 [main] - Registered driver with driverClassName=com.mysql.jdbc.Driver was not found, trying direct instantiation.
2022-08-01 16:45:03,270 [,,,] INFO  com.zaxxer.hikari.HikariDataSource:123 [main] - HikariPool-1 - Start completed.
2022-08-01 16:45:03,332 [,,,] INFO  com.silence.useradmin.infrastructure.util.uid.impl.DisposableWorkerIdAssigner:49 [main] - Add worker node:com.silence.useradmin.infrastructure.util.uid.entity.WorkerNodePo@7a71ebf1
2022-08-01 16:45:03,332 [,,,] INFO  com.silence.useradmin.infrastructure.util.uid.impl.DefaultUidGenerator:65 [main] - Initialized bits(1, 28, 22, 13) for workerID:977
2022-08-01 16:45:03,891 [,,,] INFO  com.alibaba.cloud.sentinel.SentinelWebAutoConfiguration:80 [main] - [Sentinel Starter] register SentinelWebInterceptor with urlPatterns: [/**].
2022-08-01 16:45:04,076 [,,,] WARN  org.springframework.boot.autoconfigure.thymeleaf.ThymeleafAutoConfiguration$DefaultTemplateResolverConfiguration:105 [main] - Cannot find template location: classpath:/templates/ (please add some templates or check your Thymeleaf configuration)
2022-08-01 16:45:04,710 [,,,] INFO  org.springframework.boot.autoconfigure.security.servlet.UserDetailsServiceAutoConfiguration:86 [main] - 

Using generated security password: 64b0da2a-33b0-42a5-93ed-d6e38f9609e5

2022-08-01 16:45:04,893 [,,,] INFO  org.springframework.security.web.DefaultSecurityFilterChain:51 [main] - Will secure any request with [org.springframework.security.web.context.request.async.WebAsyncManagerIntegrationFilter@34f2d3a6, org.springframework.security.web.context.SecurityContextPersistenceFilter@2e04c89d, org.springframework.security.web.header.HeaderWriterFilter@5101b9, org.springframework.security.web.authentication.logout.LogoutFilter@764d54a0, org.springframework.security.oauth2.provider.authentication.OAuth2AuthenticationProcessingFilter@549fe529, org.springframework.security.web.savedrequest.RequestCacheAwareFilter@62075e3d, org.springframework.security.web.servletapi.SecurityContextHolderAwareRequestFilter@628cb8e0, org.springframework.security.web.authentication.AnonymousAuthenticationFilter@3da701a1, org.springframework.security.web.session.SessionManagementFilter@4f4b7a2e, org.springframework.security.web.access.ExceptionTranslationFilter@38eafdab, org.springframework.security.web.access.intercept.FilterSecurityInterceptor@77feca04]
2022-08-01 16:45:05,252 [,,,] INFO  com.alibaba.spring.beans.factory.annotation.ConfigurationBeanBindingPostProcessor:159 [main] - The configuration bean [<dubbo:application name="silence-admin-user" hostname="DESKTOP-AOCAIGHO051401" qosEnable="false" />] have been binding by the configuration properties [{qos-enable=false, name=silence-admin-user}]
2022-08-01 16:45:05,259 [,,,] INFO  com.alibaba.spring.beans.factory.annotation.ConfigurationBeanBindingPostProcessor:159 [main] - The configuration bean [<dubbo:registry address="106.13.192.32:8848" port="8848" protocol="nacos" />] have been binding by the configuration properties [{protocol=nacos, address=106.13.192.32:8848}]
2022-08-01 16:45:05,266 [,,,] INFO  com.alibaba.spring.beans.factory.annotation.ConfigurationBeanBindingPostProcessor:159 [main] - The configuration bean [ProtocolConfig{name='dubbo', host='null', port=20881, contextpath='null', threadpool='null', threadname='null', corethreads=null, threads=null, iothreads=null, alive=null, queues=null, accepts=null, codec='null', serialization='null', charset='null', payload=null, buffer=null, heartbeat=null, accesslog='null', transporter='null', exchanger='null', dispatcher='null', networker='null', server='null', client='null', telnet='null', prompt='null', status='null', register=null, keepAlive=null, optimizer='null', extension='null', parameters=null, isDefault=null, sslEnabled=null}] have been binding by the configuration properties [{name=dubbo, port=20881}]
2022-08-01 16:45:05,302 [,,,] WARN  com.alibaba.cloud.sentinel.datasource.converter.SentinelConverter:80 [main] - converter can not convert rules because source is empty
2022-08-01 16:45:05,456 [,,,] INFO  org.apache.coyote.http11.Http11NioProtocol:173 [main] - Starting ProtocolHandler ["http-nio-9089"]
2022-08-01 16:45:05,469 [,,,] INFO  org.springframework.boot.web.embedded.tomcat.TomcatWebServer:220 [main] - Tomcat started on port(s): 9089 (http) with context path ''
2022-08-01 16:45:05,484 [,,,] INFO  com.alibaba.cloud.nacos.registry.NacosServiceRegistry:75 [main] - nacos registry, dev silence-admin-user 192.168.56.1:9089 register finished
2022-08-01 16:45:06,213 [,,,] INFO  com.silence.UserAdminApplication:61 [main] - Started UserAdminApplication in 6.427 seconds (JVM running for 7.224)
