2022-08-19 16:47:06,922 [,,,] INFO  org.hibernate.validator.internal.util.Version:21 [background-preinit] - HV000001: Hibernate Validator 6.1.7.Final
2022-08-19 16:47:07,281 [,,,] WARN  com.alibaba.cloud.nacos.client.NacosPropertySourceBuilder:87 [main] - Ignore the empty nacos configuration and get it based on dataId[silence-admin-user] & group[dev]
2022-08-19 16:47:07,295 [,,,] WARN  com.alibaba.cloud.nacos.client.NacosPropertySourceBuilder:87 [main] - Ignore the empty nacos configuration and get it based on dataId[silence-admin-user.yaml] & group[dev]
2022-08-19 16:47:07,309 [,,,] WARN  com.alibaba.cloud.nacos.client.NacosPropertySourceBuilder:87 [main] - Ignore the empty nacos configuration and get it based on dataId[silence-admin-user-dev.yaml] & group[dev]
2022-08-19 16:47:07,310 [,,,] INFO  org.springframework.cloud.bootstrap.config.PropertySourceBootstrapConfiguration:109 [main] - Located property source: [BootstrapPropertySource {name='bootstrapProperties-silence-admin-user-dev.yaml,dev'}, BootstrapPropertySource {name='bootstrapProperties-silence-admin-user.yaml,dev'}, BootstrapPropertySource {name='bootstrapProperties-silence-admin-user,dev'}]
2022-08-19 16:47:07,344 [,,,] INFO  com.silence.UserAdminApplication:664 [main] - The following profiles are active: dev
2022-08-19 16:47:07,992 [,,,] INFO  org.springframework.cloud.context.scope.GenericScope:288 [main] - BeanFactory id=1565c5fa-330c-3ae8-96e9-5ea3a25a94a7
2022-08-19 16:47:08,143 [,,,] INFO  org.springframework.context.support.PostProcessorRegistrationDelegate$BeanPostProcessorChecker:350 [main] - Bean 'org.springframework.security.access.expression.method.DefaultMethodSecurityExpressionHandler@3d40498a' of type [org.springframework.security.access.expression.method.DefaultMethodSecurityExpressionHandler] is not eligible for getting processed by all BeanPostProcessors (for example: not eligible for auto-proxying)
2022-08-19 16:47:08,152 [,,,] INFO  org.springframework.context.support.PostProcessorRegistrationDelegate$BeanPostProcessorChecker:350 [main] - Bean 'methodSecurityMetadataSource' of type [org.springframework.security.access.method.DelegatingMethodSecurityMetadataSource] is not eligible for getting processed by all BeanPostProcessors (for example: not eligible for auto-proxying)
2022-08-19 16:47:08,233 [,,,] INFO  org.springframework.context.support.PostProcessorRegistrationDelegate$BeanPostProcessorChecker:350 [main] - Bean 'org.hibernate.validator.internal.constraintvalidators.bv.notempty.NotEmptyValidatorForCharSequence' of type [org.hibernate.validator.internal.constraintvalidators.bv.notempty.NotEmptyValidatorForCharSequence] is not eligible for getting processed by all BeanPostProcessors (for example: not eligible for auto-proxying)
2022-08-19 16:47:08,237 [,,,] INFO  org.springframework.context.support.PostProcessorRegistrationDelegate$BeanPostProcessorChecker:350 [main] - Bean 'org.hibernate.validator.internal.constraintvalidators.bv.NotNullValidator' of type [org.hibernate.validator.internal.constraintvalidators.bv.NotNullValidator] is not eligible for getting processed by all BeanPostProcessors (for example: not eligible for auto-proxying)
2022-08-19 16:47:08,258 [,,,] INFO  org.springframework.context.support.PostProcessorRegistrationDelegate$BeanPostProcessorChecker:350 [main] - Bean 'spring.cloud.sentinel-com.alibaba.cloud.sentinel.SentinelProperties' of type [com.alibaba.cloud.sentinel.SentinelProperties] is not eligible for getting processed by all BeanPostProcessors (for example: not eligible for auto-proxying)
2022-08-19 16:47:08,262 [,,,] INFO  org.springframework.context.support.PostProcessorRegistrationDelegate$BeanPostProcessorChecker:350 [main] - Bean 'com.alibaba.cloud.sentinel.custom.SentinelAutoConfiguration' of type [com.alibaba.cloud.sentinel.custom.SentinelAutoConfiguration] is not eligible for getting processed by all BeanPostProcessors (for example: not eligible for auto-proxying)
2022-08-19 16:47:08,446 [,,,] INFO  org.springframework.boot.web.embedded.tomcat.TomcatWebServer:108 [main] - Tomcat initialized with port(s): 9089 (http)
2022-08-19 16:47:08,452 [,,,] INFO  org.apache.coyote.http11.Http11NioProtocol:173 [main] - Initializing ProtocolHandler ["http-nio-9089"]
2022-08-19 16:47:08,452 [,,,] INFO  org.apache.catalina.core.StandardService:173 [main] - Starting service [Tomcat]
2022-08-19 16:47:08,452 [,,,] INFO  org.apache.catalina.core.StandardEngine:173 [main] - Starting Servlet engine: [Apache Tomcat/9.0.41]
2022-08-19 16:47:08,530 [,,,] INFO  org.apache.catalina.core.ContainerBase.[Tomcat].[localhost].[/]:173 [main] - Initializing Spring embedded WebApplicationContext
2022-08-19 16:47:08,530 [,,,] INFO  org.springframework.boot.web.servlet.context.ServletWebServerApplicationContext:289 [main] - Root WebApplicationContext: initialization completed in 1175 ms
2022-08-19 16:47:09,143 [,,,] INFO  com.zaxxer.hikari.HikariDataSource:110 [main] - HikariPool-1 - Starting...
2022-08-19 16:47:09,452 [,,,] INFO  com.zaxxer.hikari.HikariDataSource:123 [main] - HikariPool-1 - Start completed.
2022-08-19 16:47:09,510 [,,,] INFO  com.silence.useradmin.infrastructure.util.uid.impl.DisposableWorkerIdAssigner:49 [main] - Add worker node:com.silence.useradmin.infrastructure.util.uid.entity.WorkerNodePo@348bd063
2022-08-19 16:47:09,510 [,,,] INFO  com.silence.useradmin.infrastructure.util.uid.impl.DefaultUidGenerator:65 [main] - Initialized bits(1, 28, 22, 13) for workerID:874
2022-08-19 16:47:09,792 [,,,] INFO  org.springframework.scheduling.concurrent.ThreadPoolTaskExecutor:181 [main] - Initializing ExecutorService 'applicationTaskExecutor'
2022-08-19 16:47:09,856 [,,,] INFO  com.alibaba.cloud.sentinel.SentinelWebAutoConfiguration:80 [main] - [Sentinel Starter] register SentinelWebInterceptor with urlPatterns: [/**].
2022-08-19 16:47:09,983 [,,,] WARN  org.springframework.boot.autoconfigure.thymeleaf.ThymeleafAutoConfiguration$DefaultTemplateResolverConfiguration:105 [main] - Cannot find template location: classpath:/templates/ (please add some templates or check your Thymeleaf configuration)
2022-08-19 16:47:10,115 [,,,] INFO  org.springframework.scheduling.concurrent.ThreadPoolTaskScheduler:181 [main] - Initializing ExecutorService 'Nacos-Watch-Task-Scheduler'
2022-08-19 16:47:10,286 [,,,] INFO  org.springframework.boot.autoconfigure.security.servlet.UserDetailsServiceAutoConfiguration:86 [main] - 

Using generated security password: 80285945-84fa-448e-b0aa-1b70038bba72

2022-08-19 16:47:10,450 [,,,] INFO  org.springframework.security.web.DefaultSecurityFilterChain:51 [main] - Will secure any request with [org.springframework.security.web.context.request.async.WebAsyncManagerIntegrationFilter@26caf4b6, org.springframework.security.web.context.SecurityContextPersistenceFilter@3f3a529f, org.springframework.security.web.header.HeaderWriterFilter@25762f04, org.springframework.security.web.authentication.logout.LogoutFilter@5f7c1de0, org.springframework.security.oauth2.provider.authentication.OAuth2AuthenticationProcessingFilter@45ecdd32, org.springframework.security.web.savedrequest.RequestCacheAwareFilter@560c3758, org.springframework.security.web.servletapi.SecurityContextHolderAwareRequestFilter@2a4f1bc5, org.springframework.security.web.authentication.AnonymousAuthenticationFilter@4411a0fe, org.springframework.security.web.session.SessionManagementFilter@2318651f, org.springframework.security.web.access.ExceptionTranslationFilter@7307ae6, org.springframework.security.web.access.intercept.FilterSecurityInterceptor@434a72f2]
2022-08-19 16:47:10,746 [,,,] WARN  org.springframework.cloud.loadbalancer.config.LoadBalancerCacheAutoConfiguration$LoadBalancerCaffeineWarnLogger:82 [main] - Spring Cloud LoadBalancer is currently working with the default cache. You can switch to using Caffeine cache, by adding it and org.springframework.cache.caffeine.CaffeineCacheManager to the classpath.
2022-08-19 16:47:10,823 [,,,] WARN  com.alibaba.cloud.sentinel.datasource.converter.SentinelConverter:80 [main] - converter can not convert rules because source is empty
2022-08-19 16:47:10,929 [,,,] INFO  org.apache.coyote.http11.Http11NioProtocol:173 [main] - Starting ProtocolHandler ["http-nio-9089"]
2022-08-19 16:47:10,950 [,,,] INFO  org.springframework.boot.web.embedded.tomcat.TomcatWebServer:220 [main] - Tomcat started on port(s): 9089 (http) with context path ''
2022-08-19 16:47:10,966 [,,,] INFO  com.alibaba.cloud.nacos.registry.NacosServiceRegistry:75 [main] - nacos registry, dev silence-admin-user 192.168.7.19:9089 register finished
2022-08-19 16:47:11,029 [,,,] INFO  com.silence.UserAdminApplication:61 [main] - Started UserAdminApplication in 4.57 seconds (JVM running for 5.379)
2022-08-19 16:47:45,781 [,,,] INFO  org.apache.catalina.core.ContainerBase.[Tomcat].[localhost].[/]:173 [http-nio-9089-exec-1] - Initializing Spring DispatcherServlet 'dispatcherServlet'
2022-08-19 16:47:45,781 [,,,] INFO  org.springframework.web.servlet.DispatcherServlet:525 [http-nio-9089-exec-1] - Initializing Servlet 'dispatcherServlet'
2022-08-19 16:47:45,783 [,,,] INFO  org.springframework.web.servlet.DispatcherServlet:547 [http-nio-9089-exec-1] - Completed initialization in 2 ms
2022-08-19 17:24:03,742 [,,,] INFO  org.hibernate.validator.internal.util.Version:21 [background-preinit] - HV000001: Hibernate Validator 6.1.7.Final
2022-08-19 17:24:04,116 [,,,] WARN  com.alibaba.cloud.nacos.client.NacosPropertySourceBuilder:87 [main] - Ignore the empty nacos configuration and get it based on dataId[silence-admin-user] & group[dev]
2022-08-19 17:24:04,130 [,,,] WARN  com.alibaba.cloud.nacos.client.NacosPropertySourceBuilder:87 [main] - Ignore the empty nacos configuration and get it based on dataId[silence-admin-user.yaml] & group[dev]
2022-08-19 17:24:04,143 [,,,] WARN  com.alibaba.cloud.nacos.client.NacosPropertySourceBuilder:87 [main] - Ignore the empty nacos configuration and get it based on dataId[silence-admin-user-dev.yaml] & group[dev]
2022-08-19 17:24:04,145 [,,,] INFO  org.springframework.cloud.bootstrap.config.PropertySourceBootstrapConfiguration:109 [main] - Located property source: [BootstrapPropertySource {name='bootstrapProperties-silence-admin-user-dev.yaml,dev'}, BootstrapPropertySource {name='bootstrapProperties-silence-admin-user.yaml,dev'}, BootstrapPropertySource {name='bootstrapProperties-silence-admin-user,dev'}]
2022-08-19 17:24:04,186 [,,,] INFO  com.silence.UserAdminApplication:664 [main] - The following profiles are active: dev
2022-08-19 17:24:04,974 [,,,] INFO  org.springframework.cloud.context.scope.GenericScope:288 [main] - BeanFactory id=1565c5fa-330c-3ae8-96e9-5ea3a25a94a7
2022-08-19 17:24:05,172 [,,,] INFO  org.springframework.context.support.PostProcessorRegistrationDelegate$BeanPostProcessorChecker:350 [main] - Bean 'org.springframework.security.access.expression.method.DefaultMethodSecurityExpressionHandler@1de5cc88' of type [org.springframework.security.access.expression.method.DefaultMethodSecurityExpressionHandler] is not eligible for getting processed by all BeanPostProcessors (for example: not eligible for auto-proxying)
2022-08-19 17:24:05,183 [,,,] INFO  org.springframework.context.support.PostProcessorRegistrationDelegate$BeanPostProcessorChecker:350 [main] - Bean 'methodSecurityMetadataSource' of type [org.springframework.security.access.method.DelegatingMethodSecurityMetadataSource] is not eligible for getting processed by all BeanPostProcessors (for example: not eligible for auto-proxying)
2022-08-19 17:24:05,268 [,,,] INFO  org.springframework.context.support.PostProcessorRegistrationDelegate$BeanPostProcessorChecker:350 [main] - Bean 'org.hibernate.validator.internal.constraintvalidators.bv.notempty.NotEmptyValidatorForCharSequence' of type [org.hibernate.validator.internal.constraintvalidators.bv.notempty.NotEmptyValidatorForCharSequence] is not eligible for getting processed by all BeanPostProcessors (for example: not eligible for auto-proxying)
2022-08-19 17:24:05,275 [,,,] INFO  org.springframework.context.support.PostProcessorRegistrationDelegate$BeanPostProcessorChecker:350 [main] - Bean 'org.hibernate.validator.internal.constraintvalidators.bv.NotNullValidator' of type [org.hibernate.validator.internal.constraintvalidators.bv.NotNullValidator] is not eligible for getting processed by all BeanPostProcessors (for example: not eligible for auto-proxying)
2022-08-19 17:24:05,302 [,,,] INFO  org.springframework.context.support.PostProcessorRegistrationDelegate$BeanPostProcessorChecker:350 [main] - Bean 'spring.cloud.sentinel-com.alibaba.cloud.sentinel.SentinelProperties' of type [com.alibaba.cloud.sentinel.SentinelProperties] is not eligible for getting processed by all BeanPostProcessors (for example: not eligible for auto-proxying)
2022-08-19 17:24:05,306 [,,,] INFO  org.springframework.context.support.PostProcessorRegistrationDelegate$BeanPostProcessorChecker:350 [main] - Bean 'com.alibaba.cloud.sentinel.custom.SentinelAutoConfiguration' of type [com.alibaba.cloud.sentinel.custom.SentinelAutoConfiguration] is not eligible for getting processed by all BeanPostProcessors (for example: not eligible for auto-proxying)
2022-08-19 17:24:05,556 [,,,] INFO  org.springframework.boot.web.embedded.tomcat.TomcatWebServer:108 [main] - Tomcat initialized with port(s): 9089 (http)
2022-08-19 17:24:05,565 [,,,] INFO  org.apache.coyote.http11.Http11NioProtocol:173 [main] - Initializing ProtocolHandler ["http-nio-9089"]
2022-08-19 17:24:05,565 [,,,] INFO  org.apache.catalina.core.StandardService:173 [main] - Starting service [Tomcat]
2022-08-19 17:24:05,566 [,,,] INFO  org.apache.catalina.core.StandardEngine:173 [main] - Starting Servlet engine: [Apache Tomcat/9.0.41]
2022-08-19 17:24:05,707 [,,,] INFO  org.apache.catalina.core.ContainerBase.[Tomcat].[localhost].[/]:173 [main] - Initializing Spring embedded WebApplicationContext
2022-08-19 17:24:05,707 [,,,] INFO  org.springframework.boot.web.servlet.context.ServletWebServerApplicationContext:289 [main] - Root WebApplicationContext: initialization completed in 1510 ms
2022-08-19 17:24:06,573 [,,,] INFO  com.zaxxer.hikari.HikariDataSource:110 [main] - HikariPool-1 - Starting...
2022-08-19 17:24:06,884 [,,,] INFO  com.zaxxer.hikari.HikariDataSource:123 [main] - HikariPool-1 - Start completed.
2022-08-19 17:24:06,929 [,,,] INFO  com.silence.useradmin.infrastructure.util.uid.impl.DisposableWorkerIdAssigner:49 [main] - Add worker node:com.silence.useradmin.infrastructure.util.uid.entity.WorkerNodePo@1942a36e
2022-08-19 17:24:06,929 [,,,] INFO  com.silence.useradmin.infrastructure.util.uid.impl.DefaultUidGenerator:65 [main] - Initialized bits(1, 28, 22, 13) for workerID:875
2022-08-19 17:24:07,184 [,,,] INFO  org.springframework.scheduling.concurrent.ThreadPoolTaskExecutor:181 [main] - Initializing ExecutorService 'applicationTaskExecutor'
2022-08-19 17:24:07,236 [,,,] INFO  com.alibaba.cloud.sentinel.SentinelWebAutoConfiguration:80 [main] - [Sentinel Starter] register SentinelWebInterceptor with urlPatterns: [/**].
2022-08-19 17:24:07,386 [,,,] WARN  org.springframework.boot.autoconfigure.thymeleaf.ThymeleafAutoConfiguration$DefaultTemplateResolverConfiguration:105 [main] - Cannot find template location: classpath:/templates/ (please add some templates or check your Thymeleaf configuration)
2022-08-19 17:24:07,525 [,,,] INFO  org.springframework.scheduling.concurrent.ThreadPoolTaskScheduler:181 [main] - Initializing ExecutorService 'Nacos-Watch-Task-Scheduler'
2022-08-19 17:24:07,694 [,,,] INFO  org.springframework.boot.autoconfigure.security.servlet.UserDetailsServiceAutoConfiguration:86 [main] - 

Using generated security password: d0b2a888-d8ab-435d-9e71-a1c44cc05748

2022-08-19 17:24:07,864 [,,,] INFO  org.springframework.security.web.DefaultSecurityFilterChain:51 [main] - Will secure any request with [org.springframework.security.web.context.request.async.WebAsyncManagerIntegrationFilter@2c750b69, org.springframework.security.web.context.SecurityContextPersistenceFilter@5aa5b3af, org.springframework.security.web.header.HeaderWriterFilter@5a6d4dee, org.springframework.security.web.authentication.logout.LogoutFilter@5cca5ff3, org.springframework.security.oauth2.provider.authentication.OAuth2AuthenticationProcessingFilter@68e62b3b, org.springframework.security.web.savedrequest.RequestCacheAwareFilter@52a605c3, org.springframework.security.web.servletapi.SecurityContextHolderAwareRequestFilter@89ff043, org.springframework.security.web.authentication.AnonymousAuthenticationFilter@159a0f0e, org.springframework.security.web.session.SessionManagementFilter@4718d320, org.springframework.security.web.access.ExceptionTranslationFilter@542aec6, org.springframework.security.web.access.intercept.FilterSecurityInterceptor@2d093067]
2022-08-19 17:24:08,127 [,,,] WARN  org.springframework.cloud.loadbalancer.config.LoadBalancerCacheAutoConfiguration$LoadBalancerCaffeineWarnLogger:82 [main] - Spring Cloud LoadBalancer is currently working with the default cache. You can switch to using Caffeine cache, by adding it and org.springframework.cache.caffeine.CaffeineCacheManager to the classpath.
2022-08-19 17:24:08,205 [,,,] WARN  com.alibaba.cloud.sentinel.datasource.converter.SentinelConverter:80 [main] - converter can not convert rules because source is empty
2022-08-19 17:24:08,330 [,,,] INFO  org.apache.coyote.http11.Http11NioProtocol:173 [main] - Starting ProtocolHandler ["http-nio-9089"]
2022-08-19 17:24:08,344 [,,,] INFO  org.springframework.boot.web.embedded.tomcat.TomcatWebServer:220 [main] - Tomcat started on port(s): 9089 (http) with context path ''
2022-08-19 17:24:08,359 [,,,] INFO  com.alibaba.cloud.nacos.registry.NacosServiceRegistry:75 [main] - nacos registry, dev silence-admin-user 192.168.7.19:9089 register finished
2022-08-19 17:24:08,423 [,,,] INFO  com.silence.UserAdminApplication:61 [main] - Started UserAdminApplication in 5.153 seconds (JVM running for 5.889)
2022-08-19 17:24:32,472 [,,,] INFO  org.apache.catalina.core.ContainerBase.[Tomcat].[localhost].[/]:173 [http-nio-9089-exec-1] - Initializing Spring DispatcherServlet 'dispatcherServlet'
2022-08-19 17:24:32,473 [,,,] INFO  org.springframework.web.servlet.DispatcherServlet:525 [http-nio-9089-exec-1] - Initializing Servlet 'dispatcherServlet'
2022-08-19 17:24:32,474 [,,,] INFO  org.springframework.web.servlet.DispatcherServlet:547 [http-nio-9089-exec-1] - Completed initialization in 1 ms
2022-08-19 17:49:32,490 [,,,] INFO  org.hibernate.validator.internal.util.Version:21 [background-preinit] - HV000001: Hibernate Validator 6.1.7.Final
2022-08-19 17:49:32,928 [,,,] WARN  com.alibaba.cloud.nacos.client.NacosPropertySourceBuilder:87 [main] - Ignore the empty nacos configuration and get it based on dataId[silence-admin-user] & group[dev]
2022-08-19 17:49:32,943 [,,,] WARN  com.alibaba.cloud.nacos.client.NacosPropertySourceBuilder:87 [main] - Ignore the empty nacos configuration and get it based on dataId[silence-admin-user.yaml] & group[dev]
2022-08-19 17:49:32,955 [,,,] WARN  com.alibaba.cloud.nacos.client.NacosPropertySourceBuilder:87 [main] - Ignore the empty nacos configuration and get it based on dataId[silence-admin-user-dev.yaml] & group[dev]
2022-08-19 17:49:32,956 [,,,] INFO  org.springframework.cloud.bootstrap.config.PropertySourceBootstrapConfiguration:109 [main] - Located property source: [BootstrapPropertySource {name='bootstrapProperties-silence-admin-user-dev.yaml,dev'}, BootstrapPropertySource {name='bootstrapProperties-silence-admin-user.yaml,dev'}, BootstrapPropertySource {name='bootstrapProperties-silence-admin-user,dev'}]
2022-08-19 17:49:32,984 [,,,] INFO  com.silence.UserAdminApplication:664 [main] - The following profiles are active: dev
2022-08-19 17:49:33,702 [,,,] INFO  org.springframework.cloud.context.scope.GenericScope:288 [main] - BeanFactory id=1565c5fa-330c-3ae8-96e9-5ea3a25a94a7
2022-08-19 17:49:33,872 [,,,] INFO  org.springframework.context.support.PostProcessorRegistrationDelegate$BeanPostProcessorChecker:350 [main] - Bean 'org.springframework.security.access.expression.method.DefaultMethodSecurityExpressionHandler@6a96d639' of type [org.springframework.security.access.expression.method.DefaultMethodSecurityExpressionHandler] is not eligible for getting processed by all BeanPostProcessors (for example: not eligible for auto-proxying)
2022-08-19 17:49:33,881 [,,,] INFO  org.springframework.context.support.PostProcessorRegistrationDelegate$BeanPostProcessorChecker:350 [main] - Bean 'methodSecurityMetadataSource' of type [org.springframework.security.access.method.DelegatingMethodSecurityMetadataSource] is not eligible for getting processed by all BeanPostProcessors (for example: not eligible for auto-proxying)
2022-08-19 17:49:33,976 [,,,] INFO  org.springframework.context.support.PostProcessorRegistrationDelegate$BeanPostProcessorChecker:350 [main] - Bean 'org.hibernate.validator.internal.constraintvalidators.bv.notempty.NotEmptyValidatorForCharSequence' of type [org.hibernate.validator.internal.constraintvalidators.bv.notempty.NotEmptyValidatorForCharSequence] is not eligible for getting processed by all BeanPostProcessors (for example: not eligible for auto-proxying)
2022-08-19 17:49:33,981 [,,,] INFO  org.springframework.context.support.PostProcessorRegistrationDelegate$BeanPostProcessorChecker:350 [main] - Bean 'org.hibernate.validator.internal.constraintvalidators.bv.NotNullValidator' of type [org.hibernate.validator.internal.constraintvalidators.bv.NotNullValidator] is not eligible for getting processed by all BeanPostProcessors (for example: not eligible for auto-proxying)
2022-08-19 17:49:34,002 [,,,] INFO  org.springframework.context.support.PostProcessorRegistrationDelegate$BeanPostProcessorChecker:350 [main] - Bean 'spring.cloud.sentinel-com.alibaba.cloud.sentinel.SentinelProperties' of type [com.alibaba.cloud.sentinel.SentinelProperties] is not eligible for getting processed by all BeanPostProcessors (for example: not eligible for auto-proxying)
2022-08-19 17:49:34,005 [,,,] INFO  org.springframework.context.support.PostProcessorRegistrationDelegate$BeanPostProcessorChecker:350 [main] - Bean 'com.alibaba.cloud.sentinel.custom.SentinelAutoConfiguration' of type [com.alibaba.cloud.sentinel.custom.SentinelAutoConfiguration] is not eligible for getting processed by all BeanPostProcessors (for example: not eligible for auto-proxying)
2022-08-19 17:49:34,218 [,,,] INFO  org.springframework.boot.web.embedded.tomcat.TomcatWebServer:108 [main] - Tomcat initialized with port(s): 9089 (http)
2022-08-19 17:49:34,225 [,,,] INFO  org.apache.coyote.http11.Http11NioProtocol:173 [main] - Initializing ProtocolHandler ["http-nio-9089"]
2022-08-19 17:49:34,226 [,,,] INFO  org.apache.catalina.core.StandardService:173 [main] - Starting service [Tomcat]
2022-08-19 17:49:34,226 [,,,] INFO  org.apache.catalina.core.StandardEngine:173 [main] - Starting Servlet engine: [Apache Tomcat/9.0.41]
2022-08-19 17:49:34,307 [,,,] INFO  org.apache.catalina.core.ContainerBase.[Tomcat].[localhost].[/]:173 [main] - Initializing Spring embedded WebApplicationContext
2022-08-19 17:49:34,307 [,,,] INFO  org.springframework.boot.web.servlet.context.ServletWebServerApplicationContext:289 [main] - Root WebApplicationContext: initialization completed in 1311 ms
2022-08-19 17:49:34,907 [,,,] INFO  com.zaxxer.hikari.HikariDataSource:110 [main] - HikariPool-1 - Starting...
2022-08-19 17:49:35,233 [,,,] INFO  com.zaxxer.hikari.HikariDataSource:123 [main] - HikariPool-1 - Start completed.
2022-08-19 17:49:35,309 [,,,] INFO  com.silence.useradmin.infrastructure.util.uid.impl.DisposableWorkerIdAssigner:49 [main] - Add worker node:com.silence.useradmin.infrastructure.util.uid.entity.WorkerNodePo@acd115d
2022-08-19 17:49:35,310 [,,,] INFO  com.silence.useradmin.infrastructure.util.uid.impl.DefaultUidGenerator:65 [main] - Initialized bits(1, 28, 22, 13) for workerID:876
2022-08-19 17:49:35,599 [,,,] INFO  org.springframework.scheduling.concurrent.ThreadPoolTaskExecutor:181 [main] - Initializing ExecutorService 'applicationTaskExecutor'
2022-08-19 17:49:35,647 [,,,] INFO  com.alibaba.cloud.sentinel.SentinelWebAutoConfiguration:80 [main] - [Sentinel Starter] register SentinelWebInterceptor with urlPatterns: [/**].
2022-08-19 17:49:35,777 [,,,] WARN  org.springframework.boot.autoconfigure.thymeleaf.ThymeleafAutoConfiguration$DefaultTemplateResolverConfiguration:105 [main] - Cannot find template location: classpath:/templates/ (please add some templates or check your Thymeleaf configuration)
2022-08-19 17:49:35,917 [,,,] INFO  org.springframework.scheduling.concurrent.ThreadPoolTaskScheduler:181 [main] - Initializing ExecutorService 'Nacos-Watch-Task-Scheduler'
2022-08-19 17:49:36,087 [,,,] INFO  org.springframework.boot.autoconfigure.security.servlet.UserDetailsServiceAutoConfiguration:86 [main] - 

Using generated security password: f900e54d-55f9-4c4f-8b41-8b737cb38ccb

2022-08-19 17:49:36,253 [,,,] INFO  org.springframework.security.web.DefaultSecurityFilterChain:51 [main] - Will secure any request with [org.springframework.security.web.context.request.async.WebAsyncManagerIntegrationFilter@28b16193, org.springframework.security.web.context.SecurityContextPersistenceFilter@3f04fb07, org.springframework.security.web.header.HeaderWriterFilter@762db992, org.springframework.security.web.authentication.logout.LogoutFilter@445c693, org.springframework.security.oauth2.provider.authentication.OAuth2AuthenticationProcessingFilter@2370c90, org.springframework.security.web.savedrequest.RequestCacheAwareFilter@1a22325d, org.springframework.security.web.servletapi.SecurityContextHolderAwareRequestFilter@f451970, org.springframework.security.web.authentication.AnonymousAuthenticationFilter@78e34499, org.springframework.security.web.session.SessionManagementFilter@48224381, org.springframework.security.web.access.ExceptionTranslationFilter@563bd6a4, org.springframework.security.web.access.intercept.FilterSecurityInterceptor@44181746]
2022-08-19 17:49:36,614 [,,,] WARN  org.springframework.cloud.loadbalancer.config.LoadBalancerCacheAutoConfiguration$LoadBalancerCaffeineWarnLogger:82 [main] - Spring Cloud LoadBalancer is currently working with the default cache. You can switch to using Caffeine cache, by adding it and org.springframework.cache.caffeine.CaffeineCacheManager to the classpath.
2022-08-19 17:49:36,704 [,,,] WARN  com.alibaba.cloud.sentinel.datasource.converter.SentinelConverter:80 [main] - converter can not convert rules because source is empty
2022-08-19 17:49:36,835 [,,,] INFO  org.apache.coyote.http11.Http11NioProtocol:173 [main] - Starting ProtocolHandler ["http-nio-9089"]
2022-08-19 17:49:36,846 [,,,] INFO  org.springframework.boot.web.embedded.tomcat.TomcatWebServer:220 [main] - Tomcat started on port(s): 9089 (http) with context path ''
2022-08-19 17:49:36,864 [,,,] INFO  com.alibaba.cloud.nacos.registry.NacosServiceRegistry:75 [main] - nacos registry, dev silence-admin-user 192.168.7.19:9089 register finished
2022-08-19 17:49:36,949 [,,,] INFO  com.silence.UserAdminApplication:61 [main] - Started UserAdminApplication in 5.073 seconds (JVM running for 6.169)
2022-08-19 17:51:27,701 [,,,] INFO  org.apache.catalina.core.ContainerBase.[Tomcat].[localhost].[/]:173 [http-nio-9089-exec-1] - Initializing Spring DispatcherServlet 'dispatcherServlet'
2022-08-19 17:51:27,701 [,,,] INFO  org.springframework.web.servlet.DispatcherServlet:525 [http-nio-9089-exec-1] - Initializing Servlet 'dispatcherServlet'
2022-08-19 17:51:27,707 [,,,] INFO  org.springframework.web.servlet.DispatcherServlet:547 [http-nio-9089-exec-1] - Completed initialization in 4 ms
2022-08-19 17:51:27,818 [,,,] INFO  com.silence.useradmin.domain.service.impl.UserAdminServiceImpl:60 [http-nio-9089-exec-1] - 用户名:leo
2022-08-19 17:51:27,868 [,,,] INFO  com.silence.useradmin.domain.service.impl.UserAdminServiceImpl:54 [http-nio-9089-exec-2] - 用户id:1
2022-08-19 19:03:43,406 [,,,] INFO  com.silence.useradmin.domain.service.impl.UserAdminServiceImpl:60 [http-nio-9089-exec-4] - 用户名:leo
2022-08-19 19:03:43,434 [,,,] INFO  com.silence.useradmin.domain.service.impl.UserAdminServiceImpl:54 [http-nio-9089-exec-5] - 用户id:1
